
> vibe-generated-app@1.0.0 dev
> vite


  VITE v5.4.20  ready in 304 ms

  ➜  Local:   http://localhost:3000/
  ➜  Network: http://172.20.13.109:3000/
2:54:08 PM [vite] Pre-transform error: Transform failed with 2 errors:
/home/workspace/src/components/About.jsx:25:6: ERROR: Unexpected closing "section" tag does not match opening "div" tag
/home/workspace/src/components/About.jsx:28:0: ERROR: Unexpected end of file before a closing "section" tag
2:54:09 PM [vite] ✨ new dependencies optimized: lucide-react, @splinetool/react-spline
2:54:09 PM [vite] ✨ optimized dependencies changed. reloading
2:54:09 PM [vite] Internal server error: Transform failed with 2 errors:
/home/workspace/src/components/About.jsx:25:6: ERROR: Unexpected closing "section" tag does not match opening "div" tag
/home/workspace/src/components/About.jsx:28:0: ERROR: Unexpected end of file before a closing "section" tag
  Plugin: vite:esbuild
  File: /home/workspace/src/components/About.jsx:25:6
  
  Unexpected closing "section" tag does not match opening "div" tag
  23 |          </div>
  24 |        </div>
  25 |      </section>
     |        ^
  26 |    )
  27 |  }
  
  Unexpected end of file before a closing "section" tag
  26 |    )
  27 |  }
  28 |  
     |  ^
  
      at failureErrorWithLog (/home/workspace/node_modules/esbuild/lib/main.js:1472:15)
      at /home/workspace/node_modules/esbuild/lib/main.js:755:50
      at responseCallbacks.<computed> (/home/workspace/node_modules/esbuild/lib/main.js:622:9)
      at handleIncomingPacket (/home/workspace/node_modules/esbuild/lib/main.js:677:12)
      at Socket.readFromStdout (/home/workspace/node_modules/esbuild/lib/main.js:600:7)
      at Socket.emit (node:events:508:28)
      at addChunk (node:internal/streams/readable:559:12)
      at readableAddChunkPushByteMode (node:internal/streams/readable:510:3)
      at Readable.push (node:internal/streams/readable:390:5)
      at Pipe.onStreamRead (node:internal/stream_base_commons:189:23)
2:54:32 PM [vite] Pre-transform error: Transform failed with 2 errors:
/home/workspace/src/components/About.jsx:25:6: ERROR: Unexpected closing "section" tag does not match opening "div" tag
/home/workspace/src/components/About.jsx:28:0: ERROR: Unexpected end of file before a closing "section" tag
2:54:34 PM [vite] Internal server error: Transform failed with 2 errors:
/home/workspace/src/components/About.jsx:25:6: ERROR: Unexpected closing "section" tag does not match opening "div" tag
/home/workspace/src/components/About.jsx:28:0: ERROR: Unexpected end of file before a closing "section" tag
  Plugin: vite:esbuild
  File: /home/workspace/src/components/About.jsx:25:6
  
  Unexpected closing "section" tag does not match opening "div" tag
  23 |          </div>
  24 |        </div>
  25 |      </section>
     |        ^
  26 |    )
  27 |  }
  
  Unexpected end of file before a closing "section" tag
  26 |    )
  27 |  }
  28 |  
     |  ^
  
      at failureErrorWithLog (/home/workspace/node_modules/esbuild/lib/main.js:1472:15)
      at /home/workspace/node_modules/esbuild/lib/main.js:755:50
      at responseCallbacks.<computed> (/home/workspace/node_modules/esbuild/lib/main.js:622:9)
      at handleIncomingPacket (/home/workspace/node_modules/esbuild/lib/main.js:677:12)
      at Socket.readFromStdout (/home/workspace/node_modules/esbuild/lib/main.js:600:7)
      at Socket.emit (node:events:508:28)
      at addChunk (node:internal/streams/readable:559:12)
      at readableAddChunkPushByteMode (node:internal/streams/readable:510:3)
      at Readable.push (node:internal/streams/readable:390:5)
      at Pipe.onStreamRead (node:internal/stream_base_commons:189:23)
